<?xml version="1.0" encoding="UTF-8"?>
<!-- Generated by org.testng.reporters.JUnitXMLReporter -->
<testsuite hostname="DESKTOP-25CQDKE" ignored="0" name="Test" tests="4" failures="0" timestamp="08 Jul 2019 00:37:58 GMT" time="21.646" errors="0">
  <testcase name="BrowserAutomation" time="21.606" classname="qaclickacaedmy.SeleniumTest"/>
  <testcase name="elementUI" time="0.001" classname="qaclickacaedmy.SeleniumTest"/>
  <testcase name="deleteTwitter" time="0.0" classname="qaclickacaedmy.RESTAPITest"/>
  <testcase name="postJira" time="0.001" classname="qaclickacaedmy.RESTAPITest"/>
</testsuite> <!-- Test -->
