<?xml version="1.0" encoding="UTF-8"?>
<testng-results skipped="0" failed="0" ignored="0" total="4" passed="4">
  <reporter-output>
  </reporter-output>
  <suite name="Suite" duration-ms="21646" started-at="2019-07-08T00:37:37Z" finished-at="2019-07-08T00:37:58Z">
    <groups>
    </groups>
    <test name="Test" duration-ms="21646" started-at="2019-07-08T00:37:37Z" finished-at="2019-07-08T00:37:58Z">
      <class name="qaclickacaedmy.RESTAPITest">
        <test-method status="PASS" signature="deleteTwitter()[pri:0, instance:qaclickacaedmy.RESTAPITest@337d0578]" name="deleteTwitter" duration-ms="0" started-at="2019-07-08T00:37:58Z" finished-at="2019-07-08T00:37:58Z">
          <reporter-output>
          </reporter-output>
        </test-method> <!-- deleteTwitter -->
        <test-method status="PASS" signature="postJira()[pri:0, instance:qaclickacaedmy.RESTAPITest@337d0578]" name="postJira" duration-ms="1" started-at="2019-07-08T00:37:58Z" finished-at="2019-07-08T00:37:58Z">
          <reporter-output>
          </reporter-output>
        </test-method> <!-- postJira -->
      </class> <!-- qaclickacaedmy.RESTAPITest -->
      <class name="qaclickacaedmy.SeleniumTest">
        <test-method status="PASS" signature="BrowserAutomation()[pri:0, instance:qaclickacaedmy.SeleniumTest@7ca48474]" name="BrowserAutomation" duration-ms="21606" started-at="2019-07-08T00:37:37Z" finished-at="2019-07-08T00:37:58Z">
          <reporter-output>
          </reporter-output>
        </test-method> <!-- BrowserAutomation -->
        <test-method status="PASS" signature="elementUI()[pri:0, instance:qaclickacaedmy.SeleniumTest@7ca48474]" name="elementUI" duration-ms="1" started-at="2019-07-08T00:37:58Z" finished-at="2019-07-08T00:37:58Z">
          <reporter-output>
          </reporter-output>
        </test-method> <!-- elementUI -->
      </class> <!-- qaclickacaedmy.SeleniumTest -->
    </test> <!-- Test -->
  </suite> <!-- Suite -->
</testng-results>
