<?xml version="1.0" encoding="UTF-8"?>
<testng-results skipped="0" failed="0" ignored="0" total="2" passed="2">
  <reporter-output>
  </reporter-output>
  <suite name="Default suite" duration-ms="22341" started-at="2019-07-08T00:36:50Z" finished-at="2019-07-08T00:37:12Z">
    <groups>
    </groups>
    <test name="Default test" duration-ms="22341" started-at="2019-07-08T00:36:50Z" finished-at="2019-07-08T00:37:12Z">
      <class name="qaclickacaedmy.SeleniumTest">
        <test-method status="PASS" signature="BrowserAutomation()[pri:0, instance:qaclickacaedmy.SeleniumTest@553f17c]" name="BrowserAutomation" duration-ms="22282" started-at="2019-07-08T00:36:50Z" finished-at="2019-07-08T00:37:12Z">
          <reporter-output>
          </reporter-output>
        </test-method> <!-- BrowserAutomation -->
        <test-method status="PASS" signature="elementUI()[pri:0, instance:qaclickacaedmy.SeleniumTest@553f17c]" name="elementUI" duration-ms="2" started-at="2019-07-08T00:37:12Z" finished-at="2019-07-08T00:37:12Z">
          <reporter-output>
          </reporter-output>
        </test-method> <!-- elementUI -->
      </class> <!-- qaclickacaedmy.SeleniumTest -->
    </test> <!-- Default test -->
  </suite> <!-- Default suite -->
</testng-results>
